timestamp: 2022-06-07T23:04:34.057959
CREATE TABLE "auth_user"(
    "id" INTEGER PRIMARY KEY AUTOINCREMENT,
    "email" CHAR(512) UNIQUE,
    "password" CHAR(512),
    "first_name" CHAR(512),
    "last_name" CHAR(512),
    "sso_id" CHAR(512),
    "action_token" CHAR(512),
    "last_password_change" TIMESTAMP,
    "past_passwords_hash" TEXT
);
success!
timestamp: 2022-06-07T23:04:34.080280
CREATE TABLE "auth_user_tag_groups"(
    "id" INTEGER PRIMARY KEY AUTOINCREMENT,
    "tagpath" CHAR(512),
    "record_id" INTEGER REFERENCES "auth_user" ("id") ON DELETE CASCADE  
);
success!
timestamp: 2022-06-07T23:04:34.099623
CREATE TABLE "user_info"(
    "id" INTEGER PRIMARY KEY AUTOINCREMENT,
    "first_name" CHAR(512),
    "last_name" CHAR(512),
    "location" CHAR(512),
    "lat" CHAR(512),
    "lng" CHAR(512),
    "age" CHAR(512),
    "sex" CHAR(512),
    "user_email" CHAR(512)
);
success!
timestamp: 2022-06-07T23:04:34.113511
CREATE TABLE "symptom"(
    "id" INTEGER PRIMARY KEY AUTOINCREMENT,
    "symptom_name" CHAR(512),
    "user_email" CHAR(512)
);
success!
timestamp: 2022-06-07T23:04:34.135335
CREATE TABLE "symptoms"(
    "id" INTEGER PRIMARY KEY AUTOINCREMENT,
    "symptom_name" CHAR(512)
);
success!
timestamp: 2022-06-07T23:04:34.148727
CREATE TABLE "diseases"(
    "id" INTEGER PRIMARY KEY AUTOINCREMENT,
    "disease_name" CHAR(512)
);
success!
timestamp: 2022-06-07T23:04:34.161623
CREATE TABLE "doctor"(
    "id" INTEGER PRIMARY KEY AUTOINCREMENT,
    "name" CHAR(512),
    "address" CHAR(512)
);
success!
timestamp: 2022-06-07T23:04:34.176007
CREATE TABLE "review"(
    "id" INTEGER PRIMARY KEY AUTOINCREMENT,
    "doctor_name" CHAR(512),
    "star_rating" CHAR(512),
    "review_message" CHAR(512),
    "name" CHAR(512),
    "user_email" CHAR(512),
    "user_id" INTEGER REFERENCES "user_info" ("id") ON DELETE CASCADE  
);
success!
DELETE FROM "doctor";
DELETE FROM sqlite_sequence WHERE name='doctor'
success!
